<?xml version="1.0" encoding="UTF-8"?>
<!-- Generated by org.testng.reporters.JUnitReportReporter -->
<testsuite hostname="KRISSHNNAA" failures="0" tests="1" name="LatestE2EFramework.Krish.AssertValidation" time="0.362" errors="0" timestamp="2020-11-02T22:08:02 IST" skipped="0">
  <testcase classname="LatestE2EFramework.Krish.AssertValidation" name="basepagenavigation" time="0.362"/>
  <system-out/>
</testsuite> <!-- LatestE2EFramework.Krish.AssertValidation -->
