<?xml version="1.0" encoding="UTF-8"?>
<!-- Generated by org.testng.reporters.JUnitReportReporter -->
<testsuite hostname="KRISSHNNAA" failures="0" tests="2" name="LatestE2EFramework.Krish.HomePage" time="19.425" errors="0" timestamp="2021-03-28T12:46:11 IST" skipped="0">
  <testcase classname="LatestE2EFramework.Krish.HomePage" name="basepagenavigation" time="15.312"/>
  <system-out/>
  <testcase classname="LatestE2EFramework.Krish.HomePage" name="basepagenavigation" time="4.113"/>
  <system-out/>
</testsuite> <!-- LatestE2EFramework.Krish.HomePage -->
