<?xml version="1.0" encoding="UTF-8"?>
<!-- Generated by org.testng.reporters.JUnitReportReporter -->
<testsuite hostname="KRISSHNNAA" failures="0" tests="2" name="LatestE2EFramework.Krish.HomePage" time="8.005" errors="0" timestamp="2020-11-02T21:53:11 IST" skipped="0">
  <testcase classname="LatestE2EFramework.Krish.HomePage" name="basepagenavigation" time="4.505"/>
  <system-out/>
  <testcase classname="LatestE2EFramework.Krish.HomePage" name="basepagenavigation" time="3.500"/>
  <system-out/>
</testsuite> <!-- LatestE2EFramework.Krish.HomePage -->
